<?xml version="1.0" encoding="UTF-8"?>
<!-- Generated by org.testng.reporters.JUnitXMLReporter -->
<testsuite ignored="0" hostname="LAPTOP-M2DO8JV9" failures="0" tests="1" name="MobileTests" time="0.093" errors="0" timestamp="2024-07-25T13:17:46 IST">
  <testcase classname="glue.mobileapp.library.BaseClass" name="@BeforeSuite launchApp" time="-1.721893665952E9">
    <failure type="org.testng.TestNGException" message="
Parameter &amp;apos;automationName&amp;apos; is required by BeforeSuite on method launchApp but has not been marked @Optional or defined
in C:\Users\PRAVEEN\EclipseWorkspace\GlueMobileApp\gluemobiletestng.xml">
      <![CDATA[org.testng.TestNGException: 
Parameter 'automationName' is required by BeforeSuite on method launchApp but has not been marked @Optional or defined
in C:\Users\PRAVEEN\EclipseWorkspace\GlueMobileApp\gluemobiletestng.xml
... Removed 16 stack frames]]>
    </failure>
  </testcase> <!-- @BeforeSuite launchApp -->
  <testcase classname="glue.mobileapp.testcases.LoginTest" name="runAppium" time="0.0">
    <skipped/>
  </testcase> <!-- runAppium -->
</testsuite> <!-- MobileTests -->
